<?xml version="1.0" encoding="UTF-8"?>
<!-- Generated by org.testng.reporters.JUnitReportReporter -->
<testsuite hostname="Bharadwaj-B6DD2G2" failures="0" tests="2" name="Testng.Test1" time="8.729" errors="0" timestamp="2024-02-28T12:24:03 IST" skipped="0">
  <testcase classname="Testng.Test1" name="google" time="5.501"/>
  <testcase classname="Testng.Test1" name="yahoo" time="3.228"/>
</testsuite> <!-- Testng.Test1 -->
